<?xml version="1.0" encoding="UTF-8"?>
<!-- Generated by org.testng.reporters.JUnitReportReporter -->
<testsuite skipped="0" hostname="LAPTOP-FQJ2DVAE" name="com.cosacs.TestCases.COS04_LocalVendorCreation" tests="2" failures="0" timestamp="24 Sep 2020 12:18:08 GMT" time="18.392" errors="0">
  <testcase name="SearchVendor_Test" time="1.518" classname="com.cosacs.TestCases.COS04_LocalVendorCreation"/>
  <testcase name="createVendor_Test" time="16.874" classname="com.cosacs.TestCases.COS04_LocalVendorCreation"/>
</testsuite> <!-- com.cosacs.TestCases.COS04_LocalVendorCreation -->
