<?xml version="1.0" encoding="UTF-8"?>
<!-- Generated by org.testng.reporters.JUnitReportReporter -->
<testsuite skipped="4" hostname="LAPTOP-FQJ2DVAE" name="com.cosacs.TestCases.COS20_HomeDelivery" tests="5" failures="0" timestamp="26 Sep 2020 08:13:07 GMT" time="157.460" errors="1">
  <testcase name="SearchShipments" time="0.000" classname="com.cosacs.TestCases.COS20_HomeDelivery">
    <skipped/>
  </testcase> <!-- SearchShipments -->
  <testcase name="Scheduling" time="0.000" classname="com.cosacs.TestCases.COS20_HomeDelivery">
    <skipped/>
  </testcase> <!-- Scheduling -->
  <testcase name="SearchDeliverySchedules" time="0.000" classname="com.cosacs.TestCases.COS20_HomeDelivery">
    <skipped/>
  </testcase> <!-- SearchDeliverySchedules -->
  <testcase name="Picking" time="157.460" classname="com.cosacs.TestCases.COS20_HomeDelivery">
    <error type="java.lang.NullPointerException">
      <![CDATA[java.lang.NullPointerException
at com.cosacs.PageObject.Library$Interaction.click(Library.java:120)
at com.cosacs.TestCases.COS20_HomeDelivery.Picking(COS20_HomeDelivery.java:81)
at sun.reflect.NativeMethodAccessorImpl.invoke0(Native Method)
at sun.reflect.NativeMethodAccessorImpl.invoke(Unknown Source)
at sun.reflect.DelegatingMethodAccessorImpl.invoke(Unknown Source)
at java.lang.reflect.Method.invoke(Unknown Source)
at org.testng.internal.MethodInvocationHelper.invokeMethod(MethodInvocationHelper.java:124)
at org.testng.internal.Invoker.invokeMethod(Invoker.java:583)
at org.testng.internal.Invoker.invokeTestMethod(Invoker.java:719)
at org.testng.internal.Invoker.invokeTestMethods(Invoker.java:989)
at org.testng.internal.TestMethodWorker.invokeTestMethods(TestMethodWorker.java:125)
at org.testng.internal.TestMethodWorker.run(TestMethodWorker.java:109)
at org.testng.TestRunner.privateRun(TestRunner.java:648)
at org.testng.TestRunner.run(TestRunner.java:505)
at org.testng.SuiteRunner.runTest(SuiteRunner.java:455)
at org.testng.SuiteRunner.runSequentially(SuiteRunner.java:450)
at org.testng.SuiteRunner.privateRun(SuiteRunner.java:415)
at org.testng.SuiteRunner.run(SuiteRunner.java:364)
at org.testng.SuiteRunnerWorker.runSuite(SuiteRunnerWorker.java:52)
at org.testng.SuiteRunnerWorker.run(SuiteRunnerWorker.java:84)
at org.testng.TestNG.runSuitesSequentially(TestNG.java:1208)
at org.testng.TestNG.runSuitesLocally(TestNG.java:1137)
at org.testng.TestNG.runSuites(TestNG.java:1049)
at org.testng.TestNG.run(TestNG.java:1017)
at org.testng.remote.AbstractRemoteTestNG.run(AbstractRemoteTestNG.java:114)
at org.testng.remote.RemoteTestNG.initAndRun(RemoteTestNG.java:251)
at org.testng.remote.RemoteTestNG.main(RemoteTestNG.java:77)
]]>
    </error>
  </testcase> <!-- Picking -->
  <testcase name="SearchPicklist" time="0.000" classname="com.cosacs.TestCases.COS20_HomeDelivery">
    <skipped/>
  </testcase> <!-- SearchPicklist -->
</testsuite> <!-- com.cosacs.TestCases.COS20_HomeDelivery -->
