<?xml version="1.0" encoding="UTF-8"?>
<!-- Generated by org.testng.reporters.JUnitReportReporter -->
<testsuite skipped="0" hostname="LAPTOP-FQJ2DVAE" name="com.cosacs.TestCases.COS15_StockAllocation" tests="3" failures="0" timestamp="27 Sep 2020 08:40:34 GMT" time="31.967" errors="0">
  <testcase name="StockAllocation" time="13.524" classname="com.cosacs.TestCases.COS15_StockAllocation"/>
  <testcase name="SearchStockAllocation" time="6.526" classname="com.cosacs.TestCases.COS15_StockAllocation"/>
  <testcase name="createStockAllocation" time="11.917" classname="com.cosacs.TestCases.COS15_StockAllocation"/>
</testsuite> <!-- com.cosacs.TestCases.COS15_StockAllocation -->
