<?xml version="1.0" encoding="UTF-8"?>
<!-- Generated by org.testng.reporters.JUnitReportReporter -->
<testsuite skipped="0" hostname="LAPTOP-FQJ2DVAE" name="com.cosacs.TestCases.COS13_NewNonStockCreation" tests="2" failures="0" timestamp="24 Sep 2020 12:18:08 GMT" time="20.017" errors="0">
  <testcase name="NonStockCreation" time="10.242" classname="com.cosacs.TestCases.COS13_NewNonStockCreation"/>
  <testcase name="NonStock" time="9.775" classname="com.cosacs.TestCases.COS13_NewNonStockCreation"/>
</testsuite> <!-- com.cosacs.TestCases.COS13_NewNonStockCreation -->
