<?xml version="1.0" encoding="UTF-8"?>
<!-- Generated by org.testng.reporters.JUnitReportReporter -->
<testsuite skipped="0" hostname="LAPTOP-FQJ2DVAE" name="com.cosacs.TestCases.COS8_SetProduct" tests="2" failures="0" timestamp="24 Sep 2020 12:18:08 GMT" time="107.504" errors="0">
  <testcase name="SetProduct" time="25.794" classname="com.cosacs.TestCases.COS8_SetProduct"/>
  <testcase name="createSetProduct" time="81.710" classname="com.cosacs.TestCases.COS8_SetProduct"/>
</testsuite> <!-- com.cosacs.TestCases.COS8_SetProduct -->
