<?xml version="1.0" encoding="UTF-8"?>
<!-- Generated by org.testng.reporters.JUnitReportReporter -->
<testsuite skipped="0" hostname="LAPTOP-FQJ2DVAE" name="com.cosacs.TestCases.COS15_StockAllocation" tests="3" failures="0" timestamp="24 Sep 2020 12:18:08 GMT" time="152.169" errors="0">
  <testcase name="SearchStockAllocation" time="2.032" classname="com.cosacs.TestCases.COS15_StockAllocation"/>
  <testcase name="StockAllocation" time="12.976" classname="com.cosacs.TestCases.COS15_StockAllocation"/>
  <testcase name="createStockAllocation" time="137.161" classname="com.cosacs.TestCases.COS15_StockAllocation"/>
</testsuite> <!-- com.cosacs.TestCases.COS15_StockAllocation -->
