<?xml version="1.0" encoding="UTF-8"?>
<!-- Generated by org.testng.reporters.JUnitReportReporter -->
<testsuite skipped="0" hostname="LAPTOP-FQJ2DVAE" name="com.cosacs.TestCases.COS100_TopSKUReports" tests="1" failures="0" timestamp="24 Sep 2020 12:18:08 GMT" time="39.303" errors="0">
  <testcase name="topSkuReports_Test" time="39.303" classname="com.cosacs.TestCases.COS100_TopSKUReports"/>
</testsuite> <!-- com.cosacs.TestCases.COS100_TopSKUReports -->
