<?xml version="1.0" encoding="UTF-8"?>
<!-- Generated by org.testng.reporters.JUnitReportReporter -->
<testsuite skipped="0" hostname="LAPTOP-FQJ2DVAE" name="com.cosacs.TestCases.COS10_SparePartsProductCreation" tests="2" failures="0" timestamp="26 Sep 2020 07:09:12 GMT" time="58.290" errors="0">
  <testcase name="verifysaprePartCreation" time="45.838" classname="com.cosacs.TestCases.COS10_SparePartsProductCreation"/>
  <testcase name="saprePartCreation" time="12.452" classname="com.cosacs.TestCases.COS10_SparePartsProductCreation"/>
</testsuite> <!-- com.cosacs.TestCases.COS10_SparePartsProductCreation -->
