<?xml version="1.0" encoding="UTF-8"?>
<!-- Generated by org.testng.reporters.JUnitReportReporter -->
<testsuite skipped="0" hostname="LAPTOP-FQJ2DVAE" name="com.cosacs.TestCases.COS04_LocalVendorCreation" tests="2" failures="0" timestamp="26 Sep 2020 07:09:12 GMT" time="39.134" errors="0">
  <testcase name="SearchVendor_Test" time="4.640" classname="com.cosacs.TestCases.COS04_LocalVendorCreation"/>
  <testcase name="createVendor_Test" time="34.494" classname="com.cosacs.TestCases.COS04_LocalVendorCreation"/>
</testsuite> <!-- com.cosacs.TestCases.COS04_LocalVendorCreation -->
