<?xml version="1.0" encoding="UTF-8"?>
<!-- Generated by org.testng.reporters.JUnitReportReporter -->
<testsuite skipped="0" hostname="LAPTOP-FQJ2DVAE" name="com.cosacs.TestCases.COS13_NonStockProductsLink" tests="1" failures="0" timestamp="24 Sep 2020 12:18:08 GMT" time="44.423" errors="0">
  <testcase name="NonStockProduct" time="44.423" classname="com.cosacs.TestCases.COS13_NonStockProductsLink"/>
</testsuite> <!-- com.cosacs.TestCases.COS13_NonStockProductsLink -->
