<?xml version="1.0" encoding="UTF-8"?>
<!-- Generated by org.testng.reporters.JUnitReportReporter -->
<testsuite skipped="0" hostname="LAPTOP-FQJ2DVAE" name="com.cosacs.TestCases.COS61_TechnicianPayments" tests="2" failures="0" timestamp="27 Sep 2020 03:50:43 GMT" time="43.828" errors="0">
  <testcase name="TechnicianPayments" time="18.763" classname="com.cosacs.TestCases.COS61_TechnicianPayments"/>
  <testcase name="TechnicianPaymentsPage" time="25.065" classname="com.cosacs.TestCases.COS61_TechnicianPayments"/>
</testsuite> <!-- com.cosacs.TestCases.COS61_TechnicianPayments -->
