<?xml version="1.0" encoding="UTF-8"?>
<!-- Generated by org.testng.reporters.JUnitReportReporter -->
<testsuite skipped="0" hostname="LAPTOP-FQJ2DVAE" name="com.cosacs.TestCases.COS02_ProductHierarchy" tests="1" failures="0" timestamp="26 Sep 2020 07:09:12 GMT" time="57.195" errors="0">
  <testcase name="create_prdthierarchy_Test" time="57.195" classname="com.cosacs.TestCases.COS02_ProductHierarchy"/>
</testsuite> <!-- com.cosacs.TestCases.COS02_ProductHierarchy -->
