<?xml version="1.0" encoding="UTF-8"?>
<!-- Generated by org.testng.reporters.JUnitReportReporter -->
<testsuite skipped="0" hostname="LAPTOP-FQJ2DVAE" name="com.cosacs.TestCases.COS50_WarrantyPromotions" tests="2" failures="0" timestamp="27 Sep 2020 17:16:01 GMT" time="28.087" errors="0">
  <testcase name="WarrantyPromotions" time="10.066" classname="com.cosacs.TestCases.COS50_WarrantyPromotions"/>
  <testcase name="WarrantyPromotionsServices" time="18.021" classname="com.cosacs.TestCases.COS50_WarrantyPromotions"/>
</testsuite> <!-- com.cosacs.TestCases.COS50_WarrantyPromotions -->
