<?xml version="1.0" encoding="UTF-8"?>
<!-- Generated by org.testng.reporters.JUnitReportReporter -->
<testsuite skipped="0" hostname="LAPTOP-FQJ2DVAE" name="com.cosacs.TestCases.COS16_StockRequisitionProcess" tests="3" failures="0" timestamp="24 Sep 2020 12:18:08 GMT" time="378.700" errors="0">
  <testcase name="StockRequisition" time="12.060" classname="com.cosacs.TestCases.COS16_StockRequisitionProcess"/>
  <testcase name="SearchStockRequisition" time="1.997" classname="com.cosacs.TestCases.COS16_StockRequisitionProcess"/>
  <testcase name="createStockRequisition" time="364.643" classname="com.cosacs.TestCases.COS16_StockRequisitionProcess"/>
</testsuite> <!-- com.cosacs.TestCases.COS16_StockRequisitionProcess -->
