<?xml version="1.0" encoding="UTF-8"?>
<!-- Generated by org.testng.reporters.JUnitReportReporter -->
<testsuite skipped="0" hostname="LAPTOP-FQJ2DVAE" name="com.cosacs.TestCases.COS10_SparePartsProductCreation" tests="2" failures="0" timestamp="24 Sep 2020 12:18:08 GMT" time="55.414" errors="0">
  <testcase name="saprePartCreation" time="22.229" classname="com.cosacs.TestCases.COS10_SparePartsProductCreation"/>
  <testcase name="verifysaprePartCreation" time="33.185" classname="com.cosacs.TestCases.COS10_SparePartsProductCreation"/>
</testsuite> <!-- com.cosacs.TestCases.COS10_SparePartsProductCreation -->
