<?xml version="1.0" encoding="UTF-8"?>
<!-- Generated by org.testng.reporters.JUnitReportReporter -->
<testsuite skipped="0" hostname="LAPTOP-FQJ2DVAE" name="com.cosacs.TestCases.COS01_LocationCreation" tests="2" failures="0" timestamp="23 Sep 2020 07:14:22 GMT" time="24.903" errors="0">
  <testcase name="searchLocation_Test" time="5.083" classname="com.cosacs.TestCases.COS01_LocationCreation"/>
  <testcase name="createLocation_Test" time="19.820" classname="com.cosacs.TestCases.COS01_LocationCreation"/>
</testsuite> <!-- com.cosacs.TestCases.COS01_LocationCreation -->
