<?xml version="1.0" encoding="UTF-8"?>
<!-- Generated by org.testng.reporters.JUnitReportReporter -->
<testsuite skipped="0" hostname="LAPTOP-FQJ2DVAE" name="com.cosacs.TestCases.COS13_NonStockProductCreation" tests="6" failures="0" timestamp="27 Sep 2020 03:37:11 GMT" time="139.954" errors="0">
  <testcase name="NonStock" time="8.209" classname="com.cosacs.TestCases.COS13_NonStockProductCreation"/>
  <testcase name="NonStockCreation" time="9.236" classname="com.cosacs.TestCases.COS13_NonStockProductCreation"/>
  <testcase name="SearchNonStocks" time="24.258" classname="com.cosacs.TestCases.COS13_NonStockProductCreation"/>
  <testcase name="NonStockProduct" time="38.918" classname="com.cosacs.TestCases.COS13_NonStockProductCreation"/>
  <testcase name="NonStockPromotion" time="45.435" classname="com.cosacs.TestCases.COS13_NonStockProductCreation"/>
  <testcase name="NonstockExports" time="13.898" classname="com.cosacs.TestCases.COS13_NonStockProductCreation"/>
</testsuite> <!-- com.cosacs.TestCases.COS13_NonStockProductCreation -->
