<?xml version="1.0" encoding="UTF-8"?>
<!-- Generated by org.testng.reporters.JUnitReportReporter -->
<testsuite skipped="0" hostname="LAPTOP-FQJ2DVAE" name="com.cosacs.TestCases.COS06_LocalProductCreation" tests="2" failures="0" timestamp="26 Sep 2020 07:09:12 GMT" time="125.231" errors="0">
  <testcase name="LocalProduct" time="27.604" classname="com.cosacs.TestCases.COS06_LocalProductCreation"/>
  <testcase name="createLocationForm" time="97.627" classname="com.cosacs.TestCases.COS06_LocalProductCreation"/>
</testsuite> <!-- com.cosacs.TestCases.COS06_LocalProductCreation -->
