<?xml version="1.0" encoding="UTF-8"?>
<!-- Generated by org.testng.reporters.JUnitReportReporter -->
<testsuite skipped="0" hostname="LAPTOP-FQJ2DVAE" name="com.cosacs.TestCases.COS8_SetProduct" tests="2" failures="0" timestamp="28 Sep 2020 04:58:43 GMT" time="160.670" errors="0">
  <testcase name="SetProduct" time="7.326" classname="com.cosacs.TestCases.COS8_SetProduct"/>
  <testcase name="createSetProduct" time="153.344" classname="com.cosacs.TestCases.COS8_SetProduct"/>
</testsuite> <!-- com.cosacs.TestCases.COS8_SetProduct -->
