<?xml version="1.0" encoding="UTF-8"?>
<!-- Generated by org.testng.reporters.JUnitReportReporter -->
<testsuite skipped="0" hostname="LAPTOP-FQJ2DVAE" name="com.cosacs.TestCases.COS_54_Discountlimitsetup" tests="2" failures="0" timestamp="26 Sep 2020 07:47:02 GMT" time="28.668" errors="0">
  <testcase name="Verify_DiscountLimit_Test" time="15.431" classname="com.cosacs.TestCases.COS_54_Discountlimitsetup"/>
  <testcase name="Adding_discountvalue_Test" time="13.237" classname="com.cosacs.TestCases.COS_54_Discountlimitsetup"/>
</testsuite> <!-- com.cosacs.TestCases.COS_54_Discountlimitsetup -->
