<?xml version="1.0" encoding="UTF-8"?>
<!-- Generated by org.testng.reporters.JUnitReportReporter -->
<testsuite skipped="0" hostname="LAPTOP-FQJ2DVAE" name="com.cosacs.TestCases.COS01_LocationCreation" tests="2" failures="0" timestamp="26 Sep 2020 07:09:12 GMT" time="28.225" errors="0">
  <testcase name="createLocation_Test" time="22.792" classname="com.cosacs.TestCases.COS01_LocationCreation"/>
  <testcase name="searchLocation_Test" time="5.433" classname="com.cosacs.TestCases.COS01_LocationCreation"/>
</testsuite> <!-- com.cosacs.TestCases.COS01_LocationCreation -->
