<?xml version="1.0" encoding="UTF-8"?>
<!-- Generated by org.testng.reporters.JUnitReportReporter -->
<testsuite skipped="0" hostname="LAPTOP-FQJ2DVAE" name="com.cosacs.TestCases.COS09_ComboProductCreation" tests="2" failures="0" timestamp="26 Sep 2020 07:09:12 GMT" time="254.699" errors="0">
  <testcase name="CreateCombo" time="8.932" classname="com.cosacs.TestCases.COS09_ComboProductCreation"/>
  <testcase name="ComboProduct" time="245.767" classname="com.cosacs.TestCases.COS09_ComboProductCreation"/>
</testsuite> <!-- com.cosacs.TestCases.COS09_ComboProductCreation -->
