<?xml version="1.0" encoding="UTF-8"?>
<!-- Generated by org.testng.reporters.JUnitReportReporter -->
<testsuite skipped="0" hostname="LAPTOP-FQJ2DVAE" name="com.cosacs.TestCases.COS60_Search_MyJobs" tests="2" failures="0" timestamp="27 Sep 2020 03:43:07 GMT" time="217.926" errors="0">
  <testcase name="SearchMyJobsPage" time="204.063" classname="com.cosacs.TestCases.COS60_Search_MyJobs"/>
  <testcase name="SearchMyJobs" time="13.863" classname="com.cosacs.TestCases.COS60_Search_MyJobs"/>
</testsuite> <!-- com.cosacs.TestCases.COS60_Search_MyJobs -->
