<?xml version="1.0" encoding="UTF-8"?>
<!-- Generated by org.testng.reporters.JUnitReportReporter -->
<testsuite skipped="0" hostname="LAPTOP-FQJ2DVAE" name="com.cosacs.TestCases.COS10_SparePartsProductCreation" tests="2" failures="0" timestamp="26 Sep 2020 13:49:58 GMT" time="46.029" errors="0">
  <testcase name="saprePartCreation" time="14.100" classname="com.cosacs.TestCases.COS10_SparePartsProductCreation"/>
  <testcase name="verifysaprePartCreation" time="31.929" classname="com.cosacs.TestCases.COS10_SparePartsProductCreation"/>
</testsuite> <!-- com.cosacs.TestCases.COS10_SparePartsProductCreation -->
