<?xml version="1.0" encoding="UTF-8"?>
<!-- Generated by org.testng.reporters.JUnitReportReporter -->
<testsuite skipped="0" hostname="LAPTOP-FQJ2DVAE" name="com.cosacs.TestCases.COS_86_Exchangerate" tests="2" failures="0" timestamp="26 Sep 2020 08:20:15 GMT" time="38.241" errors="0">
  <testcase name="verifyexchangerate_Test" time="25.655" classname="com.cosacs.TestCases.COS_86_Exchangerate"/>
  <testcase name="Validate_ExchangeRtae_Test" time="12.586" classname="com.cosacs.TestCases.COS_86_Exchangerate"/>
</testsuite> <!-- com.cosacs.TestCases.COS_86_Exchangerate -->
