<?xml version="1.0" encoding="UTF-8"?>
<!-- Generated by org.testng.reporters.JUnitReportReporter -->
<testsuite skipped="0" hostname="LAPTOP-FQJ2DVAE" name="com.cosacs.TestCases.COS_45Extended" tests="2" failures="0" timestamp="26 Sep 2020 13:49:58 GMT" time="52.573" errors="0">
  <testcase name="Extended" time="21.013" classname="com.cosacs.TestCases.COS_45Extended"/>
  <testcase name="ExtendedAndFree" time="31.560" classname="com.cosacs.TestCases.COS_45Extended"/>
</testsuite> <!-- com.cosacs.TestCases.COS_45Extended -->
