<?xml version="1.0" encoding="UTF-8"?>
<!-- Generated by org.testng.reporters.JUnitReportReporter -->
<testsuite skipped="0" hostname="LAPTOP-FQJ2DVAE" name="com.cosacs.TestCases.COS_26_Pointofsales" tests="5" failures="0" timestamp="26 Sep 2020 07:09:12 GMT" time="47.047" errors="0">
  <testcase name="Make_Payment_And_GenerateInvoiceNumber_Test" time="18.142" classname="com.cosacs.TestCases.COS_26_Pointofsales"/>
  <testcase name="Validate_Generated_InvoiceNumber_Test" time="8.710" classname="com.cosacs.TestCases.COS_26_Pointofsales"/>
  <testcase name="Add_CustomerDetails_Test" time="2.733" classname="com.cosacs.TestCases.COS_26_Pointofsales"/>
  <testcase name="Validate_AddedProduct_And_UnitCost_Test" time="5.424" classname="com.cosacs.TestCases.COS_26_Pointofsales"/>
  <testcase name="SearchForTheProduct_AddRandomProducts_Test" time="12.038" classname="com.cosacs.TestCases.COS_26_Pointofsales"/>
</testsuite> <!-- com.cosacs.TestCases.COS_26_Pointofsales -->
