<?xml version="1.0" encoding="UTF-8"?>
<!-- Generated by org.testng.reporters.JUnitReportReporter -->
<testsuite skipped="0" hostname="LAPTOP-FQJ2DVAE" name="com.cosacs.TestCases.COS17_GoodsReceipt" tests="1" failures="0" timestamp="25 Sep 2020 03:40:52 GMT" time="92.454" errors="0">
  <testcase name="GoodsRecieptForm" time="92.454" classname="com.cosacs.TestCases.COS17_GoodsReceipt"/>
</testsuite> <!-- com.cosacs.TestCases.COS17_GoodsReceipt -->
