<?xml version="1.0" encoding="UTF-8"?>
<!-- Generated by org.testng.reporters.JUnitReportReporter -->
<testsuite skipped="0" hostname="LAPTOP-FQJ2DVAE" name="com.cosacs.TestCases.COS16_StockRequisitionProcess" tests="3" failures="0" timestamp="27 Sep 2020 16:06:35 GMT" time="33.949" errors="0">
  <testcase name="SearchStockRequisition" time="10.699" classname="com.cosacs.TestCases.COS16_StockRequisitionProcess"/>
  <testcase name="createStockRequisition" time="13.646" classname="com.cosacs.TestCases.COS16_StockRequisitionProcess"/>
  <testcase name="StockRequisition" time="9.604" classname="com.cosacs.TestCases.COS16_StockRequisitionProcess"/>
</testsuite> <!-- com.cosacs.TestCases.COS16_StockRequisitionProcess -->
