<?xml version="1.0" encoding="UTF-8"?>
<!-- Generated by org.testng.reporters.JUnitReportReporter -->
<testsuite skipped="0" hostname="LAPTOP-FQJ2DVAE" name="com.cosacs.TestCases.COS8_SetProduct" tests="2" failures="0" timestamp="26 Sep 2020 07:09:12 GMT" time="136.195" errors="0">
  <testcase name="SetProduct" time="10.102" classname="com.cosacs.TestCases.COS8_SetProduct"/>
  <testcase name="createSetProduct" time="126.093" classname="com.cosacs.TestCases.COS8_SetProduct"/>
</testsuite> <!-- com.cosacs.TestCases.COS8_SetProduct -->
