<?xml version="1.0" encoding="UTF-8"?>
<!-- Generated by org.testng.reporters.JUnitReportReporter -->
<testsuite skipped="0" hostname="LAPTOP-FQJ2DVAE" name="com.cosacs.TestCases.COS77_ServiceRequestFinancialReport" tests="2" failures="0" timestamp="26 Sep 2020 07:09:12 GMT" time="60.014" errors="0">
  <testcase name="SRFinancialReport" time="22.588" classname="com.cosacs.TestCases.COS77_ServiceRequestFinancialReport"/>
  <testcase name="verifyBuyerSalesReport" time="37.426" classname="com.cosacs.TestCases.COS77_ServiceRequestFinancialReport"/>
</testsuite> <!-- com.cosacs.TestCases.COS77_ServiceRequestFinancialReport -->
