<?xml version="1.0" encoding="UTF-8"?>
<!-- Generated by org.testng.reporters.JUnitReportReporter -->
<testsuite skipped="0" hostname="LAPTOP-FQJ2DVAE" name="com.cosacs.TestCases.COS19_StockCount" tests="2" failures="0" timestamp="26 Sep 2020 10:30:09 GMT" time="66.226" errors="0">
  <testcase name="CreateStock" time="59.664" classname="com.cosacs.TestCases.COS19_StockCount"/>
  <testcase name="Stock_Count" time="6.562" classname="com.cosacs.TestCases.COS19_StockCount"/>
</testsuite> <!-- com.cosacs.TestCases.COS19_StockCount -->
