<?xml version="1.0" encoding="UTF-8"?>
<!-- Generated by org.testng.reporters.JUnitReportReporter -->
<testsuite skipped="0" hostname="LAPTOP-FQJ2DVAE" name="com.cosacs.TestCases.COS15_StockAllocation" tests="3" failures="0" timestamp="26 Sep 2020 07:09:12 GMT" time="26.970" errors="0">
  <testcase name="createStockAllocation" time="12.446" classname="com.cosacs.TestCases.COS15_StockAllocation"/>
  <testcase name="SearchStockAllocation" time="1.880" classname="com.cosacs.TestCases.COS15_StockAllocation"/>
  <testcase name="StockAllocation" time="12.644" classname="com.cosacs.TestCases.COS15_StockAllocation"/>
</testsuite> <!-- com.cosacs.TestCases.COS15_StockAllocation -->
