<?xml version="1.0" encoding="UTF-8"?>
<!-- Generated by org.testng.reporters.JUnitReportReporter -->
<testsuite skipped="0" hostname="LAPTOP-FQJ2DVAE" name="com.cosacs.TestCases.COS_18_Directreceipt" tests="3" failures="0" timestamp="26 Sep 2020 07:09:12 GMT" time="104.703" errors="0">
  <testcase name="Generate_Directreceipt_number_form_Test" time="50.894" classname="com.cosacs.TestCases.COS_18_Directreceipt"/>
  <testcase name="Validate_Directreceipt_stockcount_afterDRN_Test" time="18.102" classname="com.cosacs.TestCases.COS_18_Directreceipt"/>
  <testcase name="Directreceipt_verify_stockcount_Test" time="35.707" classname="com.cosacs.TestCases.COS_18_Directreceipt"/>
</testsuite> <!-- com.cosacs.TestCases.COS_18_Directreceipt -->
