<?xml version="1.0" encoding="UTF-8"?>
<!-- Generated by org.testng.reporters.JUnitReportReporter -->
<testsuite skipped="0" hostname="LAPTOP-FQJ2DVAE" name="com.cosacs.TestCases.COS16_StockRequisitionProcess" tests="3" failures="0" timestamp="26 Sep 2020 07:09:12 GMT" time="258.219" errors="0">
  <testcase name="SearchStockRequisition" time="2.016" classname="com.cosacs.TestCases.COS16_StockRequisitionProcess"/>
  <testcase name="StockRequisition" time="12.863" classname="com.cosacs.TestCases.COS16_StockRequisitionProcess"/>
  <testcase name="createStockRequisition" time="243.340" classname="com.cosacs.TestCases.COS16_StockRequisitionProcess"/>
</testsuite> <!-- com.cosacs.TestCases.COS16_StockRequisitionProcess -->
