<?xml version="1.0" encoding="UTF-8"?>
<!-- Generated by org.testng.reporters.JUnitReportReporter -->
<testsuite skipped="0" hostname="LAPTOP-FQJ2DVAE" name="com.cosacs.TestCases.COS09_ComboProductCreation" tests="2" failures="0" timestamp="24 Sep 2020 12:18:08 GMT" time="163.439" errors="0">
  <testcase name="ComboProduct" time="156.614" classname="com.cosacs.TestCases.COS09_ComboProductCreation"/>
  <testcase name="CreateCombo" time="6.825" classname="com.cosacs.TestCases.COS09_ComboProductCreation"/>
</testsuite> <!-- com.cosacs.TestCases.COS09_ComboProductCreation -->
