<?xml version="1.0" encoding="UTF-8"?>
<!-- Generated by org.testng.reporters.JUnitReportReporter -->
<testsuite skipped="0" hostname="LAPTOP-FQJ2DVAE" name="com.cosacs.TestCases.COS06_LocalProductCreation" tests="2" failures="0" timestamp="24 Sep 2020 12:18:08 GMT" time="72.518" errors="0">
  <testcase name="LocalProduct" time="14.515" classname="com.cosacs.TestCases.COS06_LocalProductCreation"/>
  <testcase name="createLocationForm" time="58.003" classname="com.cosacs.TestCases.COS06_LocalProductCreation"/>
</testsuite> <!-- com.cosacs.TestCases.COS06_LocalProductCreation -->
