<?xml version="1.0" encoding="UTF-8"?>
<!-- Generated by org.testng.reporters.JUnitReportReporter -->
<testsuite skipped="0" hostname="LAPTOP-FQJ2DVAE" name="com.cosacs.TestCases.COS_53_SalesSystemConf" tests="3" failures="0" timestamp="26 Sep 2020 07:09:12 GMT" time="78.513" errors="0">
  <testcase name="Generate_SalesReceipt_Test" time="45.389" classname="com.cosacs.TestCases.COS_53_SalesSystemConf"/>
  <testcase name="Provide_TestData_In_SalesSystemConfigPage_Test" time="18.837" classname="com.cosacs.TestCases.COS_53_SalesSystemConf"/>
  <testcase name="ReEnter_All_TestDataProvided_Test" time="14.287" classname="com.cosacs.TestCases.COS_53_SalesSystemConf"/>
</testsuite> <!-- com.cosacs.TestCases.COS_53_SalesSystemConf -->
