<?xml version="1.0" encoding="UTF-8"?>
<!-- Generated by org.testng.reporters.JUnitReportReporter -->
<testsuite skipped="0" hostname="LAPTOP-FQJ2DVAE" name="com.cosacs.TestCases.COS19_StockCount" tests="2" failures="0" timestamp="26 Sep 2020 07:09:12 GMT" time="31.654" errors="0">
  <testcase name="CreateStock" time="16.785" classname="com.cosacs.TestCases.COS19_StockCount"/>
  <testcase name="Stock_Count" time="14.869" classname="com.cosacs.TestCases.COS19_StockCount"/>
</testsuite> <!-- com.cosacs.TestCases.COS19_StockCount -->
