<?xml version="1.0" encoding="UTF-8"?>
<!-- Generated by org.testng.reporters.JUnitReportReporter -->
<testsuite skipped="0" hostname="LAPTOP-FQJ2DVAE" name="com.cosacs.TestCases.COS_07_Repossessed" tests="1" failures="0" timestamp="26 Sep 2020 08:13:06 GMT" time="119.978" errors="0">
  <testcase name="Repossessed" time="119.978" classname="com.cosacs.TestCases.COS_07_Repossessed"/>
</testsuite> <!-- com.cosacs.TestCases.COS_07_Repossessed -->
